{"level":"error","message":"Cannot set property query of #<IncomingMessage> which has only a getter - GET /api/auth/profile - ::1","timestamp":"2026-02-16T18:56:27.231Z"}
{"level":"error","message":"Cannot set property query of #<IncomingMessage> which has only a getter - GET /api/auth/profile - ::1","timestamp":"2026-02-16T18:56:27.245Z"}
{"level":"error","message":"Cannot set property query of #<IncomingMessage> which has only a getter - GET /api/auth/profile - ::1","timestamp":"2026-02-16T18:56:27.248Z"}
{"level":"error","message":"Cannot set property query of #<IncomingMessage> which has only a getter - GET /api/auth/profile - ::1","timestamp":"2026-02-16T19:23:45.045Z"}
{"level":"error","message":"Cannot set property query of #<IncomingMessage> which has only a getter - GET /api/auth/profile - ::1","timestamp":"2026-02-16T19:23:45.060Z"}
{"level":"error","message":"Cannot set property query of #<IncomingMessage> which has only a getter - POST /api/auth/login - ::1","timestamp":"2026-02-16T19:23:56.646Z"}
{"level":"error","message":"Not authorized, no token - GET /api/auth/profile - ::1","timestamp":"2026-02-16T19:30:46.365Z"}
{"level":"error","message":"Not authorized, no token - GET /api/auth/profile - ::1","timestamp":"2026-02-16T19:30:46.379Z"}
{"level":"info","message":"User logged in: anish.k.m2005@gmail.com","timestamp":"2026-02-16T19:30:55.644Z"}
{"level":"info","message":"New user registered: 22tec2cs182@vgu.ac.in","timestamp":"2026-02-16T19:31:30.212Z"}
{"level":"info","message":"User logged in: anish.k.m2005@gmail.com","timestamp":"2026-02-16T19:35:35.678Z"}
{"level":"info","message":"User logged in: anish.k.m2005@gmail.com","timestamp":"2026-02-16T19:39:54.397Z"}
{"level":"info","message":"Message sent from 69936fdab8c2e7ba0e3cb819 to undefined","timestamp":"2026-02-16T19:42:04.638Z"}
{"level":"info","message":"Message sent from 69936fdab8c2e7ba0e3cb819 to undefined","timestamp":"2026-02-16T19:42:16.158Z"}
{"level":"info","message":"User logged in: 22tec2cs182@vgu.ac.in","timestamp":"2026-02-16T19:42:33.532Z"}
{"level":"info","message":"Message sent from 69937091babb5dbe4cf2fb06 to undefined","timestamp":"2026-02-16T19:44:51.196Z"}
{"level":"info","message":"User logged in: anish.k.m2005@gmail.com","timestamp":"2026-02-16T19:45:10.197Z"}
{"level":"info","message":"Message sent from 69936fdab8c2e7ba0e3cb819 to undefined","timestamp":"2026-02-16T19:46:34.550Z"}
{"level":"info","message":"Message sent from 69936fdab8c2e7ba0e3cb819 to undefined","timestamp":"2026-02-16T19:46:34.683Z"}
{"level":"info","message":"Message sent from 69936fdab8c2e7ba0e3cb819 to undefined","timestamp":"2026-02-16T19:46:38.004Z"}
{"level":"info","message":"Message sent from 69936fdab8c2e7ba0e3cb819 to undefined","timestamp":"2026-02-16T19:46:42.151Z"}
{"level":"info","message":"Message sent from 69936fdab8c2e7ba0e3cb819 to undefined","timestamp":"2026-02-16T19:46:42.160Z"}
{"level":"error","message":"recipientId is not defined - POST /api/messages - ::1","timestamp":"2026-02-16T19:47:58.446Z"}
{"level":"error","message":"recipientId is not defined - POST /api/messages - ::1","timestamp":"2026-02-16T19:48:02.043Z"}
{"level":"error","message":"recipientId is not defined - POST /api/messages - ::1","timestamp":"2026-02-16T19:48:08.016Z"}
{"level":"error","message":"recipientId is not defined - POST /api/messages - ::1","timestamp":"2026-02-16T19:48:08.832Z"}
{"level":"error","message":"recipientId is not defined - POST /api/messages - ::1","timestamp":"2026-02-16T19:48:09.032Z"}
{"level":"error","message":"recipientId is not defined - POST /api/messages - ::1","timestamp":"2026-02-16T19:48:16.391Z"}
{"level":"error","message":"recipientId is not defined - POST /api/messages - ::1","timestamp":"2026-02-16T19:48:16.563Z"}
{"level":"error","message":"recipientId is not defined - POST /api/messages - ::1","timestamp":"2026-02-16T19:48:16.724Z"}
{"level":"error","message":"recipientId is not defined - POST /api/messages - ::1","timestamp":"2026-02-16T19:48:16.906Z"}
{"level":"error","message":"recipientId is not defined - POST /api/messages - ::1","timestamp":"2026-02-16T19:48:17.067Z"}
{"level":"error","message":"recipientId is not defined - POST /api/messages - ::1","timestamp":"2026-02-16T19:48:17.221Z"}
{"level":"error","message":"recipientId is not defined - POST /api/messages - ::1","timestamp":"2026-02-16T19:48:17.391Z"}
{"level":"error","message":"recipientId is not defined - POST /api/messages - ::1","timestamp":"2026-02-16T19:48:17.600Z"}
{"level":"error","message":"recipientId is not defined - POST /api/messages - ::1","timestamp":"2026-02-16T19:48:18.641Z"}
{"level":"error","message":"recipientId is not defined - POST /api/messages - ::1","timestamp":"2026-02-16T19:48:19.242Z"}
{"level":"error","message":"recipientId is not defined - POST /api/messages - ::1","timestamp":"2026-02-16T19:48:19.256Z"}
{"level":"error","message":"recipientId is not defined - POST /api/messages - ::1","timestamp":"2026-02-16T19:48:19.297Z"}
{"level":"error","message":"recipientId is not defined - POST /api/messages - ::1","timestamp":"2026-02-16T19:48:19.321Z"}
{"level":"error","message":"recipientId is not defined - POST /api/messages - ::1","timestamp":"2026-02-16T19:48:19.363Z"}
{"level":"error","message":"recipientId is not defined - POST /api/messages - ::1","timestamp":"2026-02-16T19:48:19.399Z"}
{"level":"error","message":"recipientId is not defined - POST /api/messages - ::1","timestamp":"2026-02-16T19:48:19.432Z"}
{"level":"error","message":"recipientId is not defined - POST /api/messages - ::1","timestamp":"2026-02-16T19:48:19.470Z"}
{"level":"error","message":"recipientId is not defined - POST /api/messages - ::1","timestamp":"2026-02-16T19:48:19.517Z"}
{"level":"error","message":"recipientId is not defined - POST /api/messages - ::1","timestamp":"2026-02-16T19:48:19.559Z"}
{"level":"error","message":"recipientId is not defined - POST /api/messages - ::1","timestamp":"2026-02-16T19:48:19.578Z"}
{"level":"error","message":"recipientId is not defined - POST /api/messages - ::1","timestamp":"2026-02-16T19:48:19.616Z"}
{"level":"error","message":"recipientId is not defined - POST /api/messages - ::1","timestamp":"2026-02-16T19:48:19.640Z"}
{"level":"error","message":"recipientId is not defined - POST /api/messages - ::1","timestamp":"2026-02-16T19:48:19.682Z"}
{"level":"error","message":"recipientId is not defined - POST /api/messages - ::1","timestamp":"2026-02-16T19:48:19.708Z"}
{"level":"error","message":"recipientId is not defined - POST /api/messages - ::1","timestamp":"2026-02-16T19:48:19.752Z"}
{"level":"error","message":"recipientId is not defined - POST /api/messages - ::1","timestamp":"2026-02-16T19:48:19.788Z"}
{"level":"error","message":"recipientId is not defined - POST /api/messages - ::1","timestamp":"2026-02-16T19:48:19.831Z"}
{"level":"error","message":"recipientId is not defined - POST /api/messages - ::1","timestamp":"2026-02-16T19:48:19.867Z"}
{"level":"error","message":"recipientId is not defined - POST /api/messages - ::1","timestamp":"2026-02-16T19:48:19.919Z"}
{"level":"error","message":"recipientId is not defined - POST /api/messages - ::1","timestamp":"2026-02-16T19:48:19.947Z"}
{"level":"error","message":"recipientId is not defined - POST /api/messages - ::1","timestamp":"2026-02-16T19:48:19.978Z"}
{"level":"error","message":"recipientId is not defined - POST /api/messages - ::1","timestamp":"2026-02-16T19:48:20.018Z"}
{"level":"error","message":"recipientId is not defined - POST /api/messages - ::1","timestamp":"2026-02-16T19:48:20.038Z"}
{"level":"error","message":"recipientId is not defined - POST /api/messages - ::1","timestamp":"2026-02-16T19:48:20.081Z"}
{"level":"error","message":"recipientId is not defined - POST /api/messages - ::1","timestamp":"2026-02-16T19:48:20.116Z"}
{"level":"error","message":"recipientId is not defined - POST /api/messages - ::1","timestamp":"2026-02-16T19:48:20.151Z"}
{"level":"error","message":"recipientId is not defined - POST /api/messages - ::1","timestamp":"2026-02-16T19:48:20.188Z"}
{"level":"error","message":"recipientId is not defined - POST /api/messages - ::1","timestamp":"2026-02-16T19:48:20.224Z"}
{"level":"error","message":"recipientId is not defined - POST /api/messages - ::1","timestamp":"2026-02-16T19:48:20.258Z"}
{"level":"error","message":"recipientId is not defined - POST /api/messages - ::1","timestamp":"2026-02-16T19:48:20.282Z"}
{"level":"error","message":"recipientId is not defined - POST /api/messages - ::1","timestamp":"2026-02-16T19:48:20.318Z"}
{"level":"error","message":"recipientId is not defined - POST /api/messages - ::1","timestamp":"2026-02-16T19:48:20.352Z"}
{"level":"error","message":"recipientId is not defined - POST /api/messages - ::1","timestamp":"2026-02-16T19:48:20.391Z"}
{"level":"error","message":"recipientId is not defined - POST /api/messages - ::1","timestamp":"2026-02-16T19:48:20.425Z"}
{"level":"error","message":"recipientId is not defined - POST /api/messages - ::1","timestamp":"2026-02-16T19:48:20.469Z"}
{"level":"error","message":"recipientId is not defined - POST /api/messages - ::1","timestamp":"2026-02-16T19:48:20.505Z"}
{"level":"error","message":"recipientId is not defined - POST /api/messages - ::1","timestamp":"2026-02-16T19:48:20.513Z"}
{"level":"error","message":"recipientId is not defined - POST /api/messages - ::1","timestamp":"2026-02-16T19:48:20.552Z"}
{"level":"error","message":"recipientId is not defined - POST /api/messages - ::1","timestamp":"2026-02-16T19:48:20.617Z"}
{"level":"error","message":"recipientId is not defined - POST /api/messages - ::1","timestamp":"2026-02-16T19:48:20.631Z"}
{"level":"error","message":"recipientId is not defined - POST /api/messages - ::1","timestamp":"2026-02-16T19:48:20.661Z"}
{"level":"error","message":"recipientId is not defined - POST /api/messages - ::1","timestamp":"2026-02-16T19:48:21.058Z"}
{"level":"error","message":"recipientId is not defined - POST /api/messages - ::1","timestamp":"2026-02-16T19:48:21.062Z"}
{"level":"error","message":"recipientId is not defined - POST /api/messages - ::1","timestamp":"2026-02-16T19:48:21.064Z"}
{"level":"error","message":"recipientId is not defined - POST /api/messages - ::1","timestamp":"2026-02-16T19:48:21.123Z"}
{"level":"error","message":"recipientId is not defined - POST /api/messages - ::1","timestamp":"2026-02-16T19:48:21.126Z"}
{"level":"error","message":"recipientId is not defined - POST /api/messages - ::1","timestamp":"2026-02-16T19:48:21.147Z"}
{"level":"error","message":"recipientId is not defined - POST /api/messages - ::1","timestamp":"2026-02-16T19:48:21.188Z"}
{"level":"error","message":"recipientId is not defined - POST /api/messages - ::1","timestamp":"2026-02-16T19:48:21.190Z"}
{"level":"error","message":"recipientId is not defined - POST /api/messages - ::1","timestamp":"2026-02-16T19:48:21.224Z"}
{"level":"error","message":"recipientId is not defined - POST /api/messages - ::1","timestamp":"2026-02-16T19:48:21.267Z"}
{"level":"error","message":"recipientId is not defined - POST /api/messages - ::1","timestamp":"2026-02-16T19:48:21.277Z"}
{"level":"error","message":"recipientId is not defined - POST /api/messages - ::1","timestamp":"2026-02-16T19:48:21.297Z"}
{"level":"error","message":"recipientId is not defined - POST /api/messages - ::1","timestamp":"2026-02-16T19:48:21.338Z"}
{"level":"error","message":"recipientId is not defined - POST /api/messages - ::1","timestamp":"2026-02-16T19:48:21.345Z"}
{"level":"error","message":"recipientId is not defined - POST /api/messages - ::1","timestamp":"2026-02-16T19:48:21.360Z"}
{"level":"error","message":"recipientId is not defined - POST /api/messages - ::1","timestamp":"2026-02-16T19:48:21.398Z"}
{"level":"error","message":"recipientId is not defined - POST /api/messages - ::1","timestamp":"2026-02-16T19:48:21.417Z"}
{"level":"error","message":"recipientId is not defined - POST /api/messages - ::1","timestamp":"2026-02-16T19:48:21.432Z"}
{"level":"error","message":"recipientId is not defined - POST /api/messages - ::1","timestamp":"2026-02-16T19:48:21.459Z"}
{"level":"error","message":"recipientId is not defined - POST /api/messages - ::1","timestamp":"2026-02-16T19:48:21.682Z"}
{"level":"error","message":"recipientId is not defined - POST /api/messages - ::1","timestamp":"2026-02-16T19:48:21.684Z"}
{"level":"error","message":"recipientId is not defined - POST /api/messages - ::1","timestamp":"2026-02-16T19:48:35.591Z"}
{"level":"error","message":"recipientId is not defined - POST /api/messages - ::1","timestamp":"2026-02-16T19:48:38.232Z"}
{"level":"error","message":"recipientId is not defined - POST /api/messages - ::1","timestamp":"2026-02-16T19:48:39.042Z"}
{"level":"error","message":"recipientId is not defined - POST /api/messages - ::1","timestamp":"2026-02-16T19:48:39.123Z"}
{"level":"error","message":"recipientId is not defined - POST /api/messages - ::1","timestamp":"2026-02-16T19:48:39.309Z"}
{"level":"error","message":"recipientId is not defined - POST /api/messages - ::1","timestamp":"2026-02-16T19:48:39.499Z"}
{"level":"error","message":"recipientId is not defined - POST /api/messages - ::1","timestamp":"2026-02-16T19:49:22.080Z"}
{"level":"error","message":"recipientId is not defined - POST /api/messages - ::1","timestamp":"2026-02-16T19:49:22.949Z"}
{"level":"error","message":"recipientId is not defined - POST /api/messages - ::1","timestamp":"2026-02-16T19:49:23.151Z"}
{"level":"error","message":"recipientId is not defined - POST /api/messages - ::1","timestamp":"2026-02-16T19:49:23.350Z"}
{"level":"error","message":"recipientId is not defined - POST /api/messages - ::1","timestamp":"2026-02-16T19:49:23.510Z"}
{"level":"error","message":"recipientId is not defined - POST /api/messages - ::1","timestamp":"2026-02-16T19:49:23.664Z"}
{"level":"info","message":"User logged in: anish.k.m2005@gmail.com","timestamp":"2026-02-16T19:49:34.436Z"}
{"level":"error","message":"recipientId is not defined - POST /api/messages - ::1","timestamp":"2026-02-16T19:49:41.993Z"}
{"level":"error","message":"recipientId is not defined - POST /api/messages - ::1","timestamp":"2026-02-16T19:49:43.131Z"}
{"level":"info","message":"Message sent from 69936fdab8c2e7ba0e3cb819 to undefined","timestamp":"2026-02-16T19:50:28.596Z"}
{"level":"info","message":"Message sent from 69936fdab8c2e7ba0e3cb819 to undefined","timestamp":"2026-02-16T19:50:28.969Z"}
{"level":"info","message":"Message sent from 69936fdab8c2e7ba0e3cb819 to undefined","timestamp":"2026-02-16T19:50:29.213Z"}
{"level":"info","message":"Message sent from 69936fdab8c2e7ba0e3cb819 to undefined","timestamp":"2026-02-16T19:50:42.071Z"}
{"level":"info","message":"User logged in: 22tec2cs182@vgu.ac.in","timestamp":"2026-02-16T19:50:58.601Z"}
{"level":"info","message":"User logged in: 22tec2cs182@vgu.ac.in","timestamp":"2026-02-16T19:51:25.656Z"}
{"level":"info","message":"User logged in: anish.k.m2005@gmail.com","timestamp":"2026-02-16T19:51:52.971Z"}
{"level":"info","message":"Message sent from 69936fdab8c2e7ba0e3cb819 to undefined","timestamp":"2026-02-16T19:52:05.375Z"}
{"level":"info","message":"Message sent from 69936fdab8c2e7ba0e3cb819 to undefined","timestamp":"2026-02-16T19:52:08.392Z"}
{"level":"info","message":"User logged in: anish.k.m2005@gmail.com","timestamp":"2026-02-17T16:13:05.531Z"}
{"level":"info","message":"User logged in: 22tec2cs182@vgu.ac.in","timestamp":"2026-02-17T16:13:41.456Z"}
{"level":"info","message":"Message sent from 69937091babb5dbe4cf2fb06 to undefined","timestamp":"2026-02-17T16:13:52.329Z"}
{"level":"info","message":"Message sent from 69937091babb5dbe4cf2fb06 to undefined","timestamp":"2026-02-17T16:13:55.022Z"}
{"level":"info","message":"Message sent from 69937091babb5dbe4cf2fb06 to undefined","timestamp":"2026-02-17T16:13:56.914Z"}
{"level":"info","message":"New user registered: shwetakumari2016way@gmail.com","timestamp":"2026-02-17T16:15:50.857Z"}
{"level":"info","message":"Message sent from 699494368c1e4f2772a1f9ce to undefined","timestamp":"2026-02-17T16:16:01.222Z"}
{"level":"info","message":"Message sent from 699494368c1e4f2772a1f9ce to undefined","timestamp":"2026-02-17T16:16:06.282Z"}
{"level":"info","message":"Message sent from 699494368c1e4f2772a1f9ce to undefined","timestamp":"2026-02-17T16:19:10.605Z"}
{"level":"info","message":"Message sent from 699494368c1e4f2772a1f9ce to undefined","timestamp":"2026-02-17T16:19:22.781Z"}
{"level":"info","message":"User logged in: anish.k.m2005@gmail.com","timestamp":"2026-02-17T16:23:01.583Z"}
{"level":"info","message":"New user registered: rituranjandbg@gmail.com","timestamp":"2026-02-18T18:42:06.544Z"}
{"level":"error","message":"User already exists - POST /api/auth/register - ::1","timestamp":"2026-02-18T18:42:52.744Z"}
{"level":"info","message":"New user registered: nirajsinghrajput329@gmail.com","timestamp":"2026-02-18T18:43:09.837Z"}
{"level":"info","message":"New user registered: 123@vgu.ac.in","timestamp":"2026-02-18T18:44:04.015Z"}
{"level":"info","message":"New user registered: rrj@vgu.ac.in","timestamp":"2026-02-18T18:44:44.127Z"}
{"level":"info","message":"New user registered: edfioei@vgu.ac.in","timestamp":"2026-02-18T18:45:21.807Z"}
{"level":"info","message":"User logged in: anish.k.m2005@gmail.com","timestamp":"2026-02-18T18:45:50.615Z"}
{"level":"info","message":"Message sent from 69936fdab8c2e7ba0e3cb819 to undefined","timestamp":"2026-02-18T18:46:05.473Z"}
{"level":"info","message":"User logged in: anish.k.m2005@gmail.com","timestamp":"2026-02-18T18:48:09.478Z"}
{"level":"info","message":"Message sent from 69936fdab8c2e7ba0e3cb819 to undefined","timestamp":"2026-02-18T18:48:34.920Z"}
{"level":"info","message":"User logged in: anish.k.m2005@gmail.com","timestamp":"2026-02-18T18:49:51.247Z"}
{"level":"info","message":"Message sent from 69936fdab8c2e7ba0e3cb819 to undefined","timestamp":"2026-02-18T18:55:16.816Z"}
{"level":"info","message":"User logged in: 22tec2cs182@vgu.ac.in","timestamp":"2026-02-18T18:56:43.612Z"}
{"level":"info","message":"Message sent from 69937091babb5dbe4cf2fb06 to undefined","timestamp":"2026-02-18T18:56:58.203Z"}
{"level":"info","message":"Message sent from 69937091babb5dbe4cf2fb06 to undefined","timestamp":"2026-02-18T18:57:10.805Z"}
{"level":"info","message":"Message sent from 69937091babb5dbe4cf2fb06 to undefined","timestamp":"2026-02-18T18:57:24.532Z"}
{"level":"info","message":"Message sent from 69937091babb5dbe4cf2fb06 to undefined","timestamp":"2026-02-18T18:57:46.920Z"}
{"level":"info","message":"User logged in: anish.k.m2005@gmail.com","timestamp":"2026-02-18T18:58:04.648Z"}
{"level":"info","message":"Message sent from 69936fdab8c2e7ba0e3cb819 to undefined","timestamp":"2026-02-18T18:58:26.511Z"}
{"level":"info","message":"Message sent from 69936fdab8c2e7ba0e3cb819 to undefined","timestamp":"2026-02-18T18:58:36.216Z"}
{"level":"error","message":"Not authorized, no token - GET /api/auth/profile - ::1","timestamp":"2026-02-18T19:00:22.707Z"}
{"level":"error","message":"Not authorized, no token - GET /api/auth/profile - ::1","timestamp":"2026-02-18T19:00:22.711Z"}
{"level":"error","message":"Invalid email or password - POST /api/auth/login - ::1","timestamp":"2026-02-18T19:01:40.552Z"}
{"level":"info","message":"User logged in: anish.k.m2005@gmail.com","timestamp":"2026-02-18T19:01:49.291Z"}
