{"level":"error","message":"Cannot set property query of #<IncomingMessage> which has only a getter - GET /api/auth/profile - ::1","timestamp":"2026-02-16T18:56:27.231Z"}
{"level":"error","message":"Cannot set property query of #<IncomingMessage> which has only a getter - GET /api/auth/profile - ::1","timestamp":"2026-02-16T18:56:27.245Z"}
{"level":"error","message":"Cannot set property query of #<IncomingMessage> which has only a getter - GET /api/auth/profile - ::1","timestamp":"2026-02-16T18:56:27.248Z"}
{"level":"error","message":"Cannot set property query of #<IncomingMessage> which has only a getter - GET /api/auth/profile - ::1","timestamp":"2026-02-16T19:23:45.045Z"}
{"level":"error","message":"Cannot set property query of #<IncomingMessage> which has only a getter - GET /api/auth/profile - ::1","timestamp":"2026-02-16T19:23:45.060Z"}
{"level":"error","message":"Cannot set property query of #<IncomingMessage> which has only a getter - POST /api/auth/login - ::1","timestamp":"2026-02-16T19:23:56.646Z"}
{"level":"error","message":"Not authorized, no token - GET /api/auth/profile - ::1","timestamp":"2026-02-16T19:30:46.365Z"}
{"level":"error","message":"Not authorized, no token - GET /api/auth/profile - ::1","timestamp":"2026-02-16T19:30:46.379Z"}
{"level":"error","message":"recipientId is not defined - POST /api/messages - ::1","timestamp":"2026-02-16T19:47:58.446Z"}
{"level":"error","message":"recipientId is not defined - POST /api/messages - ::1","timestamp":"2026-02-16T19:48:02.043Z"}
{"level":"error","message":"recipientId is not defined - POST /api/messages - ::1","timestamp":"2026-02-16T19:48:08.016Z"}
{"level":"error","message":"recipientId is not defined - POST /api/messages - ::1","timestamp":"2026-02-16T19:48:08.832Z"}
{"level":"error","message":"recipientId is not defined - POST /api/messages - ::1","timestamp":"2026-02-16T19:48:09.032Z"}
{"level":"error","message":"recipientId is not defined - POST /api/messages - ::1","timestamp":"2026-02-16T19:48:16.391Z"}
{"level":"error","message":"recipientId is not defined - POST /api/messages - ::1","timestamp":"2026-02-16T19:48:16.563Z"}
{"level":"error","message":"recipientId is not defined - POST /api/messages - ::1","timestamp":"2026-02-16T19:48:16.724Z"}
{"level":"error","message":"recipientId is not defined - POST /api/messages - ::1","timestamp":"2026-02-16T19:48:16.906Z"}
{"level":"error","message":"recipientId is not defined - POST /api/messages - ::1","timestamp":"2026-02-16T19:48:17.067Z"}
{"level":"error","message":"recipientId is not defined - POST /api/messages - ::1","timestamp":"2026-02-16T19:48:17.221Z"}
{"level":"error","message":"recipientId is not defined - POST /api/messages - ::1","timestamp":"2026-02-16T19:48:17.391Z"}
{"level":"error","message":"recipientId is not defined - POST /api/messages - ::1","timestamp":"2026-02-16T19:48:17.600Z"}
{"level":"error","message":"recipientId is not defined - POST /api/messages - ::1","timestamp":"2026-02-16T19:48:18.641Z"}
{"level":"error","message":"recipientId is not defined - POST /api/messages - ::1","timestamp":"2026-02-16T19:48:19.242Z"}
{"level":"error","message":"recipientId is not defined - POST /api/messages - ::1","timestamp":"2026-02-16T19:48:19.256Z"}
{"level":"error","message":"recipientId is not defined - POST /api/messages - ::1","timestamp":"2026-02-16T19:48:19.297Z"}
{"level":"error","message":"recipientId is not defined - POST /api/messages - ::1","timestamp":"2026-02-16T19:48:19.321Z"}
{"level":"error","message":"recipientId is not defined - POST /api/messages - ::1","timestamp":"2026-02-16T19:48:19.363Z"}
{"level":"error","message":"recipientId is not defined - POST /api/messages - ::1","timestamp":"2026-02-16T19:48:19.399Z"}
{"level":"error","message":"recipientId is not defined - POST /api/messages - ::1","timestamp":"2026-02-16T19:48:19.432Z"}
{"level":"error","message":"recipientId is not defined - POST /api/messages - ::1","timestamp":"2026-02-16T19:48:19.470Z"}
{"level":"error","message":"recipientId is not defined - POST /api/messages - ::1","timestamp":"2026-02-16T19:48:19.517Z"}
{"level":"error","message":"recipientId is not defined - POST /api/messages - ::1","timestamp":"2026-02-16T19:48:19.559Z"}
{"level":"error","message":"recipientId is not defined - POST /api/messages - ::1","timestamp":"2026-02-16T19:48:19.578Z"}
{"level":"error","message":"recipientId is not defined - POST /api/messages - ::1","timestamp":"2026-02-16T19:48:19.616Z"}
{"level":"error","message":"recipientId is not defined - POST /api/messages - ::1","timestamp":"2026-02-16T19:48:19.640Z"}
{"level":"error","message":"recipientId is not defined - POST /api/messages - ::1","timestamp":"2026-02-16T19:48:19.682Z"}
{"level":"error","message":"recipientId is not defined - POST /api/messages - ::1","timestamp":"2026-02-16T19:48:19.708Z"}
{"level":"error","message":"recipientId is not defined - POST /api/messages - ::1","timestamp":"2026-02-16T19:48:19.752Z"}
{"level":"error","message":"recipientId is not defined - POST /api/messages - ::1","timestamp":"2026-02-16T19:48:19.788Z"}
{"level":"error","message":"recipientId is not defined - POST /api/messages - ::1","timestamp":"2026-02-16T19:48:19.831Z"}
{"level":"error","message":"recipientId is not defined - POST /api/messages - ::1","timestamp":"2026-02-16T19:48:19.867Z"}
{"level":"error","message":"recipientId is not defined - POST /api/messages - ::1","timestamp":"2026-02-16T19:48:19.919Z"}
{"level":"error","message":"recipientId is not defined - POST /api/messages - ::1","timestamp":"2026-02-16T19:48:19.947Z"}
{"level":"error","message":"recipientId is not defined - POST /api/messages - ::1","timestamp":"2026-02-16T19:48:19.978Z"}
{"level":"error","message":"recipientId is not defined - POST /api/messages - ::1","timestamp":"2026-02-16T19:48:20.018Z"}
{"level":"error","message":"recipientId is not defined - POST /api/messages - ::1","timestamp":"2026-02-16T19:48:20.038Z"}
{"level":"error","message":"recipientId is not defined - POST /api/messages - ::1","timestamp":"2026-02-16T19:48:20.081Z"}
{"level":"error","message":"recipientId is not defined - POST /api/messages - ::1","timestamp":"2026-02-16T19:48:20.116Z"}
{"level":"error","message":"recipientId is not defined - POST /api/messages - ::1","timestamp":"2026-02-16T19:48:20.151Z"}
{"level":"error","message":"recipientId is not defined - POST /api/messages - ::1","timestamp":"2026-02-16T19:48:20.188Z"}
{"level":"error","message":"recipientId is not defined - POST /api/messages - ::1","timestamp":"2026-02-16T19:48:20.224Z"}
{"level":"error","message":"recipientId is not defined - POST /api/messages - ::1","timestamp":"2026-02-16T19:48:20.258Z"}
{"level":"error","message":"recipientId is not defined - POST /api/messages - ::1","timestamp":"2026-02-16T19:48:20.282Z"}
{"level":"error","message":"recipientId is not defined - POST /api/messages - ::1","timestamp":"2026-02-16T19:48:20.318Z"}
{"level":"error","message":"recipientId is not defined - POST /api/messages - ::1","timestamp":"2026-02-16T19:48:20.352Z"}
{"level":"error","message":"recipientId is not defined - POST /api/messages - ::1","timestamp":"2026-02-16T19:48:20.391Z"}
{"level":"error","message":"recipientId is not defined - POST /api/messages - ::1","timestamp":"2026-02-16T19:48:20.425Z"}
{"level":"error","message":"recipientId is not defined - POST /api/messages - ::1","timestamp":"2026-02-16T19:48:20.469Z"}
{"level":"error","message":"recipientId is not defined - POST /api/messages - ::1","timestamp":"2026-02-16T19:48:20.505Z"}
{"level":"error","message":"recipientId is not defined - POST /api/messages - ::1","timestamp":"2026-02-16T19:48:20.513Z"}
{"level":"error","message":"recipientId is not defined - POST /api/messages - ::1","timestamp":"2026-02-16T19:48:20.552Z"}
{"level":"error","message":"recipientId is not defined - POST /api/messages - ::1","timestamp":"2026-02-16T19:48:20.617Z"}
{"level":"error","message":"recipientId is not defined - POST /api/messages - ::1","timestamp":"2026-02-16T19:48:20.631Z"}
{"level":"error","message":"recipientId is not defined - POST /api/messages - ::1","timestamp":"2026-02-16T19:48:20.661Z"}
{"level":"error","message":"recipientId is not defined - POST /api/messages - ::1","timestamp":"2026-02-16T19:48:21.058Z"}
{"level":"error","message":"recipientId is not defined - POST /api/messages - ::1","timestamp":"2026-02-16T19:48:21.062Z"}
{"level":"error","message":"recipientId is not defined - POST /api/messages - ::1","timestamp":"2026-02-16T19:48:21.064Z"}
{"level":"error","message":"recipientId is not defined - POST /api/messages - ::1","timestamp":"2026-02-16T19:48:21.123Z"}
{"level":"error","message":"recipientId is not defined - POST /api/messages - ::1","timestamp":"2026-02-16T19:48:21.126Z"}
{"level":"error","message":"recipientId is not defined - POST /api/messages - ::1","timestamp":"2026-02-16T19:48:21.147Z"}
{"level":"error","message":"recipientId is not defined - POST /api/messages - ::1","timestamp":"2026-02-16T19:48:21.188Z"}
{"level":"error","message":"recipientId is not defined - POST /api/messages - ::1","timestamp":"2026-02-16T19:48:21.190Z"}
{"level":"error","message":"recipientId is not defined - POST /api/messages - ::1","timestamp":"2026-02-16T19:48:21.224Z"}
{"level":"error","message":"recipientId is not defined - POST /api/messages - ::1","timestamp":"2026-02-16T19:48:21.267Z"}
{"level":"error","message":"recipientId is not defined - POST /api/messages - ::1","timestamp":"2026-02-16T19:48:21.277Z"}
{"level":"error","message":"recipientId is not defined - POST /api/messages - ::1","timestamp":"2026-02-16T19:48:21.297Z"}
{"level":"error","message":"recipientId is not defined - POST /api/messages - ::1","timestamp":"2026-02-16T19:48:21.338Z"}
{"level":"error","message":"recipientId is not defined - POST /api/messages - ::1","timestamp":"2026-02-16T19:48:21.345Z"}
{"level":"error","message":"recipientId is not defined - POST /api/messages - ::1","timestamp":"2026-02-16T19:48:21.360Z"}
{"level":"error","message":"recipientId is not defined - POST /api/messages - ::1","timestamp":"2026-02-16T19:48:21.398Z"}
{"level":"error","message":"recipientId is not defined - POST /api/messages - ::1","timestamp":"2026-02-16T19:48:21.417Z"}
{"level":"error","message":"recipientId is not defined - POST /api/messages - ::1","timestamp":"2026-02-16T19:48:21.432Z"}
{"level":"error","message":"recipientId is not defined - POST /api/messages - ::1","timestamp":"2026-02-16T19:48:21.459Z"}
{"level":"error","message":"recipientId is not defined - POST /api/messages - ::1","timestamp":"2026-02-16T19:48:21.682Z"}
{"level":"error","message":"recipientId is not defined - POST /api/messages - ::1","timestamp":"2026-02-16T19:48:21.684Z"}
{"level":"error","message":"recipientId is not defined - POST /api/messages - ::1","timestamp":"2026-02-16T19:48:35.591Z"}
{"level":"error","message":"recipientId is not defined - POST /api/messages - ::1","timestamp":"2026-02-16T19:48:38.232Z"}
{"level":"error","message":"recipientId is not defined - POST /api/messages - ::1","timestamp":"2026-02-16T19:48:39.042Z"}
{"level":"error","message":"recipientId is not defined - POST /api/messages - ::1","timestamp":"2026-02-16T19:48:39.123Z"}
{"level":"error","message":"recipientId is not defined - POST /api/messages - ::1","timestamp":"2026-02-16T19:48:39.309Z"}
{"level":"error","message":"recipientId is not defined - POST /api/messages - ::1","timestamp":"2026-02-16T19:48:39.499Z"}
{"level":"error","message":"recipientId is not defined - POST /api/messages - ::1","timestamp":"2026-02-16T19:49:22.080Z"}
{"level":"error","message":"recipientId is not defined - POST /api/messages - ::1","timestamp":"2026-02-16T19:49:22.949Z"}
{"level":"error","message":"recipientId is not defined - POST /api/messages - ::1","timestamp":"2026-02-16T19:49:23.151Z"}
{"level":"error","message":"recipientId is not defined - POST /api/messages - ::1","timestamp":"2026-02-16T19:49:23.350Z"}
{"level":"error","message":"recipientId is not defined - POST /api/messages - ::1","timestamp":"2026-02-16T19:49:23.510Z"}
{"level":"error","message":"recipientId is not defined - POST /api/messages - ::1","timestamp":"2026-02-16T19:49:23.664Z"}
{"level":"error","message":"recipientId is not defined - POST /api/messages - ::1","timestamp":"2026-02-16T19:49:41.993Z"}
{"level":"error","message":"recipientId is not defined - POST /api/messages - ::1","timestamp":"2026-02-16T19:49:43.131Z"}
{"level":"error","message":"User already exists - POST /api/auth/register - ::1","timestamp":"2026-02-18T18:42:52.744Z"}
{"level":"error","message":"Not authorized, no token - GET /api/auth/profile - ::1","timestamp":"2026-02-18T19:00:22.707Z"}
{"level":"error","message":"Not authorized, no token - GET /api/auth/profile - ::1","timestamp":"2026-02-18T19:00:22.711Z"}
{"level":"error","message":"Invalid email or password - POST /api/auth/login - ::1","timestamp":"2026-02-18T19:01:40.552Z"}
